<?xml version="1.0" encoding="UTF-8" standalone="no"?>
<assignments>
    <assignment id="2 2">
        <grade>1.3</grade>
    </assignment>
    <assignment id="3 3">
        <grade>8.6</grade>
    </assignment>
    <assignment id="1 1">
        <grade>-1</grade>
    </assignment>
</assignments>
