<?xml version="1.0" encoding="UTF-8" standalone="no"?>
<students>
    <student id="2">
        <serialNo>20</serialNo>
        <name>s2</name>
        <group>2</group>
    </student>
    <student id="3">
        <serialNo>30</serialNo>
        <name>s3</name>
        <group>3</group>
    </student>
    <student id="1">
        <serialNo>10</serialNo>
        <name>s1</name>
        <group>1</group>
    </student>
</students>
