<?xml version="1.0" encoding="UTF-8" standalone="no"?>
<problems>
    <problem id="2">
        <description>p2</description>
        <score>20</score>
    </problem>
    <problem id="1">
        <description>p1</description>
        <score>10</score>
    </problem>
    <problem id="3">
        <description>p3</description>
        <score>30</score>
    </problem>
</problems>
